<?xml version="1.0" encoding="UTF-8"?>
<!-- Generated by org.testng.reporters.JUnitReportReporter -->
<testsuite skipped="0" hostname="DESKTOP-PH3A7DM" name="com.crm.qa.testcases.Try" tests="3" failures="0" timestamp="2021-12-27T22:09:08 IST" time="45.743" errors="0">
  <testcase name="setup2" time="16.984" classname="com.crm.qa.testcases.Try"/>
  <system-out/>
  <testcase name="setup" time="13.191" classname="com.crm.qa.testcases.Try"/>
  <system-out/>
  <testcase name="setup1" time="15.568" classname="com.crm.qa.testcases.Try"/>
  <system-out/>
</testsuite> <!-- com.crm.qa.testcases.Try -->
