<?xml version="1.0" encoding="UTF-8"?>
<!-- Generated by org.testng.reporters.JUnitReportReporter -->
<testsuite hostname="DESKTOP-PH3A7DM" failures="0" tests="1" name="com.crm.qa.base.TestBase" time="21.657" errors="0" timestamp="2021-12-06T14:02:53 IST" skipped="0">
  <testcase classname="com.crm.qa.base.TestBase" name="Initialization" time="21.657"/>
  <system-out/>
</testsuite> <!-- com.crm.qa.base.TestBase -->
