<?xml version="1.0" encoding="UTF-8"?>
<!-- Generated by org.testng.reporters.JUnitReportReporter -->
<testsuite skipped="0" hostname="DESKTOP-PH3A7DM" name="com.crm.qa.testcases.LoginPageTest" tests="1" failures="0" timestamp="2021-12-30T19:11:06 IST" time="13.675" errors="0">
  <testcase name="validatePageTitle" time="13.675" classname="com.crm.qa.testcases.LoginPageTest"/>
  <system-out/>
</testsuite> <!-- com.crm.qa.testcases.LoginPageTest -->
