<?xml version="1.0" encoding="UTF-8"?>
<!-- Generated by org.testng.reporters.JUnitReportReporter -->
<testsuite skipped="0" hostname="DESKTOP-PH3A7DM" name="com.crm.qa.testcases.GitClass" tests="1" failures="0" timestamp="2021-12-28T13:48:56 IST" time="0.000" errors="0">
  <testcase name="test" time="0.000" classname="com.crm.qa.testcases.GitClass"/>
  <system-out/>
</testsuite> <!-- com.crm.qa.testcases.GitClass -->
