<?xml version="1.0" encoding="UTF-8"?>
<!-- Generated by org.testng.reporters.JUnitReportReporter -->
<testsuite hostname="DESKTOP-PH3A7DM" failures="0" tests="1" name="com.crm.qa.testcases.GitClass" time="0.000" errors="0" timestamp="2021-12-09T22:59:45 IST" skipped="0">
  <testcase classname="com.crm.qa.testcases.GitClass" name="test" time="0.000"/>
  <system-out/>
</testsuite> <!-- com.crm.qa.testcases.GitClass -->
